  main.cpp
c:\users\jorge ribeiro\documents\github\graphic-computing\cuberenderer\cuberenderer\angel.h(63): warning C4305: 'initializing': truncation from 'double' to 'GLfloat'
c:\users\jorge ribeiro\documents\github\graphic-computing\cuberenderer\cuberenderer\mat.h(707): warning C4244: '=': conversion from 'double' to 'GLfloat', possible loss of data
c:\users\jorge ribeiro\documents\github\graphic-computing\cuberenderer\cuberenderer\mat.h(708): warning C4244: '=': conversion from 'double' to 'GLfloat', possible loss of data
c:\users\jorge ribeiro\documents\github\graphic-computing\cuberenderer\cuberenderer\mat.h(709): warning C4244: '=': conversion from 'double' to 'GLfloat', possible loss of data
c:\users\jorge ribeiro\documents\github\graphic-computing\cuberenderer\cuberenderer\mat.h(730): warning C4244: '=': conversion from 'double' to 'GLfloat', possible loss of data
c:\users\jorge ribeiro\documents\github\graphic-computing\cuberenderer\cuberenderer\mat.h(732): warning C4244: '=': conversion from 'double' to 'GLfloat', possible loss of data
c:\users\jorge ribeiro\documents\github\graphic-computing\cuberenderer\cuberenderer\mat.h(735): warning C4244: '=': conversion from 'double' to 'GLfloat', possible loss of data
c:\users\jorge ribeiro\documents\github\graphic-computing\cuberenderer\cuberenderer\mat.h(752): warning C4244: '=': conversion from 'double' to 'GLfloat', possible loss of data
c:\users\jorge ribeiro\documents\github\graphic-computing\cuberenderer\cuberenderer\main.cpp(63): warning C4305: 'initializing': truncation from 'double' to 'GLfloat'
c:\users\jorge ribeiro\documents\github\graphic-computing\cuberenderer\cuberenderer\main.cpp(154): warning C4305: '+=': truncation from 'double' to 'GLfloat'
c:\users\jorge ribeiro\documents\github\graphic-computing\cuberenderer\cuberenderer\main.cpp(170): warning C4305: '=': truncation from 'double' to 'GLfloat'
c:\users\jorge ribeiro\documents\github\graphic-computing\cuberenderer\cuberenderer\main.cpp(323): warning C4305: '*=': truncation from 'double' to 'GLfloat'
c:\users\jorge ribeiro\documents\github\graphic-computing\cuberenderer\cuberenderer\main.cpp(324): warning C4305: '*=': truncation from 'double' to 'GLfloat'
c:\users\jorge ribeiro\documents\github\graphic-computing\cuberenderer\cuberenderer\main.cpp(325): warning C4305: '*=': truncation from 'double' to 'GLfloat'
c:\users\jorge ribeiro\documents\github\graphic-computing\cuberenderer\cuberenderer\main.cpp(326): warning C4305: '*=': truncation from 'double' to 'GLfloat'
c:\users\jorge ribeiro\documents\github\graphic-computing\cuberenderer\cuberenderer\main.cpp(327): warning C4305: '*=': truncation from 'double' to 'GLfloat'
c:\users\jorge ribeiro\documents\github\graphic-computing\cuberenderer\cuberenderer\main.cpp(328): warning C4305: '*=': truncation from 'double' to 'GLfloat'
  InitShader.cpp
c:\users\jorge ribeiro\documents\github\graphic-computing\cuberenderer\cuberenderer\angel.h(63): warning C4305: 'initializing': truncation from 'double' to 'GLfloat'
c:\users\jorge ribeiro\documents\github\graphic-computing\cuberenderer\cuberenderer\mat.h(707): warning C4244: '=': conversion from 'double' to 'GLfloat', possible loss of data
c:\users\jorge ribeiro\documents\github\graphic-computing\cuberenderer\cuberenderer\mat.h(708): warning C4244: '=': conversion from 'double' to 'GLfloat', possible loss of data
c:\users\jorge ribeiro\documents\github\graphic-computing\cuberenderer\cuberenderer\mat.h(709): warning C4244: '=': conversion from 'double' to 'GLfloat', possible loss of data
c:\users\jorge ribeiro\documents\github\graphic-computing\cuberenderer\cuberenderer\mat.h(730): warning C4244: '=': conversion from 'double' to 'GLfloat', possible loss of data
c:\users\jorge ribeiro\documents\github\graphic-computing\cuberenderer\cuberenderer\mat.h(732): warning C4244: '=': conversion from 'double' to 'GLfloat', possible loss of data
c:\users\jorge ribeiro\documents\github\graphic-computing\cuberenderer\cuberenderer\mat.h(735): warning C4244: '=': conversion from 'double' to 'GLfloat', possible loss of data
c:\users\jorge ribeiro\documents\github\graphic-computing\cuberenderer\cuberenderer\mat.h(752): warning C4244: '=': conversion from 'double' to 'GLfloat', possible loss of data
c:\users\jorge ribeiro\documents\github\graphic-computing\cuberenderer\cuberenderer\initshader.cpp(9): warning C4996: 'fopen': This function or variable may be unsafe. Consider using fopen_s instead. To disable deprecation, use _CRT_SECURE_NO_WARNINGS. See online help for details.
  c:\program files (x86)\windows kits\10\include\10.0.15063.0\ucrt\stdio.h(207): note: see declaration of 'fopen'
  Generating Code...
  CubeRenderer.vcxproj -> C:\Users\Jorge Ribeiro\Documents\GitHub\Graphic-Computing\CubeRenderer\Debug\CubeRenderer.exe
  CubeRenderer.vcxproj -> C:\Users\Jorge Ribeiro\Documents\GitHub\Graphic-Computing\CubeRenderer\Debug\CubeRenderer.pdb (Partial PDB)
